[debug] [2020-06-06T15:58:46.514Z] ----------------------------------------------------------------------
[debug] [2020-06-06T15:58:46.518Z] Command:       C:\Program Files\nodejs\node.exe C:\Users\LENOVO\AppData\Roaming\npm\node_modules\firebase-tools\lib\bin\firebase.js init
[debug] [2020-06-06T15:58:46.518Z] CLI Version:   8.4.2
[debug] [2020-06-06T15:58:46.518Z] Platform:      win32
[debug] [2020-06-06T15:58:46.518Z] Node Version:  v13.9.0
[debug] [2020-06-06T15:58:46.520Z] Time:          Sat Jun 06 2020 21:28:46 GMT+0530 (India Standard Time)
[debug] [2020-06-06T15:58:46.520Z] ----------------------------------------------------------------------
[debug] [2020-06-06T15:58:46.521Z] 
[debug] [2020-06-06T15:58:46.533Z] > command requires scopes: ["email","openid","https://www.googleapis.com/auth/cloudplatformprojects.readonly","https://www.googleapis.com/auth/firebase","https://www.googleapis.com/auth/cloud-platform"]
[debug] [2020-06-06T15:58:46.534Z] > authorizing via signed-in user
[info] 
     ######## #### ########  ######## ########     ###     ######  ########
     ##        ##  ##     ## ##       ##     ##  ##   ##  ##       ##
     ######    ##  ########  ######   ########  #########  ######  ######
     ##        ##  ##    ##  ##       ##     ## ##     ##       ## ##
     ##       #### ##     ## ######## ########  ##     ##  ######  ########

You're about to initialize a Firebase project in this directory:

  C:\Users\LENOVO\Desktop\Ramesh banda\Course Project\Recipe-book

Before we get started, keep in mind:

  * You are initializing in an existing Firebase project directory

[info] 
=== Project Setup
[info] 
[info] First, let's associate this project directory with a Firebase project.
[info] You can create multiple project aliases by running firebase use --add, 
[info] but for now we'll just set up a default project.
[info] 
[info] i  .firebaserc already has a default project, using ng-course-recipe-book-5a579. 
[debug] [2020-06-06T15:59:35.547Z] >>> HTTP REQUEST GET https://firebase.googleapis.com/v1beta1/projects/ng-course-recipe-book-5a579  
 
[debug] [2020-06-06T15:59:36.440Z] <<< HTTP RESPONSE 200 {"content-type":"application/json; charset=UTF-8","vary":"X-Origin, Referer, Origin,Accept-Encoding","date":"Sat, 06 Jun 2020 15:58:07 GMT","server":"ESF","cache-control":"private","x-xss-protection":"0","x-frame-options":"SAMEORIGIN","x-content-type-options":"nosniff","alt-svc":"h3-27=\":443\"; ma=2592000,h3-25=\":443\"; ma=2592000,h3-T050=\":443\"; ma=2592000,h3-Q050=\":443\"; ma=2592000,h3-Q049=\":443\"; ma=2592000,h3-Q048=\":443\"; ma=2592000,h3-Q046=\":443\"; ma=2592000,h3-Q043=\":443\"; ma=2592000,quic=\":443\"; ma=2592000; v=\"46,43\"","accept-ranges":"none","transfer-encoding":"chunked"}
[info] 
=== Hosting Setup
[info] 
[info] Your public directory is the folder (relative to your project directory) that
[info] will contain Hosting assets to be uploaded with firebase deploy. If you
[info] have a build process for your assets, use your build's output directory.
[info] 
